<testsuites name="Mocha Tests">
  <testsuite name="bank" tests="1" errors="0" failures="0" skipped="0" timestamp="2019-07-31T07:48:26" time="1.778">
    <testcase classname="bank" name="should return a 200 response" time="1.774">
    </testcase>
  </testsuite>
  <testsuite name="User" tests="7" errors="0" failures="0" skipped="7" timestamp="2019-07-31T07:48:28" time="0.001">
    <testcase classname="User" name="should return a 200 response" time="0">
      <skipped/>
    </testcase>
    <testcase classname="User" name="should be an object with keys and values" time="0">
      <skipped/>
    </testcase>
    <testcase classname="User" name="should have a 10 digit phone number" time="0">
      <skipped/>
    </testcase>
    <testcase classname="User" name="should have the role of admin" time="0">
      <skipped/>
    </testcase>
    <testcase classname="User" name="should be updated with a new name" time="0">
      <skipped/>
    </testcase>
    <testcase classname="User" name="should access their own locations" time="0">
      <skipped/>
    </testcase>
    <testcase classname="User" name="should not be able to access other users locations" time="0">
      <skipped/>
    </testcase>
  </testsuite>
</testsuites>